Cambiando directorio...
Directorio cambiado a: /root/admin/node/proyectos/pokeapi
Instalando dependencias y construyendo...
Dependencias instaladas
Proyecto construido
Archivos copiados a /var/www/html
Configurando Nginx...
Configuración Nginx OK
Cambiando directorio...
Directorio cambiado a: /root/admin/node/proyectos/pokeapi
Instalando dependencias y construyendo...
Dependencias instaladas
Proyecto construido
Archivos copiados a /var/www/html
Configurando Nginx...
Configuración Nginx OK
Cambiando directorio...
Directorio cambiado a: /root/admin/node/proyectos/pokeapi
Instalando dependencias y construyendo...
Dependencias instaladas
Proyecto construido
Archivos copiados a /var/www/html
Configurando Nginx...
Configuración Nginx OK
