jiahao no se encuentra en el sistema.
El directorio /home/jiahao no existe.
---> Usuario jiahao creado correctamente.
jiahao no se encuentra en el sistema.
El directorio /home/jiahao no existe.
---> Usuario jiahao creado correctamente.
jiahao no se encuentra en el sistema.
El directorio /home/jiahao no existe.
---> Usuario jiahao creado correctamente.
jiahao no se encuentra en el sistema.
El directorio /home/jiahao no existe.
---> Usuario jiahao creado correctamente.
jiahao no se encuentra en el sistema.
El directorio /home/jiahao no existe.
---> Usuario jiahao creado correctamente.
jiahao no se encuentra en el sistema.
El directorio /home/jiahao no existe.
---> Usuario jiahao creado correctamente.
jiahao no se encuentra en el sistema.
El directorio /home/jiahao no existe.
---> Usuario jiahao creado correctamente.
jiahao no se encuentra en el sistema.
El directorio /home/jiahao no existe.
---> Usuario jiahao creado correctamente.
jiahao no se encuentra en el sistema.
El directorio /home/jiahao no existe.
---> Usuario jiahao creado correctamente.
jiahao no se encuentra en el sistema.
El directorio /home/jiahao no existe.
---> Usuario jiahao creado correctamente.
jiahao no se encuentra en el sistema.
El directorio /home/jiahao no existe.
---> Usuario jiahao creado correctamente.
jiahao no se encuentra en el sistema.
El directorio /home/jiahao no existe.
---> Usuario jiahao creado correctamente.
jiahao no se encuentra en el sistema.
El directorio /home/jiahao no existe.
---> Usuario jiahao creado correctamente.
jiahao no se encuentra en el sistema.
El directorio /home/jiahao no existe.
---> Usuario jiahao creado correctamente.
jiahao no se encuentra en el sistema.
El directorio /home/jiahao no existe.
---> Usuario jiahao creado correctamente.
jiahao no se encuentra en el sistema.
El directorio /home/jiahao no existe.
---> Usuario jiahao creado correctamente.
jiahao no se encuentra en el sistema.
El directorio /home/jiahao no existe.
---> Usuario jiahao creado correctamente.
jiahao no se encuentra en el sistema.
El directorio /home/jiahao no existe.
---> Usuario jiahao creado correctamente.
jiahao no se encuentra en el sistema.
El directorio /home/jiahao no existe.
---> Usuario jiahao creado correctamente.
jiahao no se encuentra en el sistema.
El directorio /home/jiahao no existe.
---> Usuario jiahao creado correctamente.
No se configura SSH porque no se ha creado el usuario.
No se configura SUDO porque no se ha creado el usuario.
jiahao no se encuentra en el sistema.
El directorio /home/jiahao no existe.
---> Usuario jiahao creado correctamente.
jiahao no se encuentra en el sistema.
El directorio /home/jiahao no existe.
---> Usuario jiahao creado correctamente.
jiahao no se encuentra en el sistema.
El directorio /home/jiahao no existe.
---> Usuario jiahao creado correctamente.
jiahao no se encuentra en el sistema.
El directorio /home/jiahao no existe.
---> Usuario jiahao creado correctamente.
jiahao no se encuentra en el sistema.
El directorio /home/jiahao no existe.
---> Usuario jiahao creado correctamente.
jiahao no se encuentra en el sistema.
El directorio /home/jiahao no existe.
---> Usuario jiahao creado correctamente.
jiahao no se encuentra en el sistema.
El directorio /home/jiahao no existe.
---> Usuario jiahao creado correctamente.
jiahao no se encuentra en el sistema.
El directorio /home/jiahao no existe.
---> Usuario jiahao creado correctamente.
jiahao no se encuentra en el sistema.
El directorio /home/jiahao no existe.
---> Usuario jiahao creado correctamente.
jiahao no se encuentra en el sistema.
El directorio /home/jiahao no existe.
---> Usuario jiahao creado correctamente.
jiahao no se encuentra en el sistema.
El directorio /home/jiahao no existe.
---> Usuario jiahao creado correctamente.
jiahao no se encuentra en el sistema.
El directorio /home/jiahao no existe.
---> Usuario jiahao creado correctamente.
jiahao no se encuentra en el sistema.
El directorio /home/jiahao no existe.
---> Usuario jiahao creado correctamente.
jiahao no se encuentra en el sistema.
El directorio /home/jiahao no existe.
---> Usuario jiahao creado correctamente.
jiahao no se encuentra en el sistema.
El directorio /home/jiahao no existe.
---> Usuario jiahao creado correctamente.
jiahao no se encuentra en el sistema.
El directorio /home/jiahao no existe.
---> Usuario jiahao creado correctamente.
jiahao no se encuentra en el sistema.
El directorio /home/jiahao no existe.
---> Usuario jiahao creado correctamente.
jiahao no se encuentra en el sistema.
El directorio /home/jiahao no existe.
---> Usuario jiahao creado correctamente.
jiahao no se encuentra en el sistema.
El directorio /home/jiahao no existe.
---> Usuario jiahao creado correctamente.
jiahao no se encuentra en el sistema.
El directorio /home/jiahao no existe.
---> Usuario jiahao creado correctamente.
jiahao no se encuentra en el sistema.
El directorio /home/jiahao no existe.
---> Usuario jiahao creado correctamente.
jiahao no se encuentra en el sistema.
El directorio /home/jiahao no existe.
---> Usuario jiahao creado correctamente.
jiahao no se encuentra en el sistema.
El directorio /home/jiahao no existe.
---> Usuario jiahao creado correctamente.
jiahao no se encuentra en el sistema.
El directorio /home/jiahao no existe.
---> Usuario jiahao creado correctamente.
jiahao no se encuentra en el sistema.
El directorio /home/jiahao no existe.
---> Usuario jiahao creado correctamente.
jiahao no se encuentra en el sistema.
El directorio /home/jiahao no existe.
---> Usuario jiahao creado correctamente.
jiahao no se encuentra en el sistema.
El directorio /home/jiahao no existe.
---> Usuario jiahao creado correctamente.
jiahao no se encuentra en el sistema.
El directorio /home/jiahao no existe.
---> Usuario jiahao creado correctamente.
jiahao no se encuentra en el sistema.
El directorio /home/jiahao no existe.
---> Usuario jiahao creado correctamente.
jiahao no se encuentra en el sistema.
El directorio /home/jiahao no existe.
---> Usuario jiahao creado correctamente.
jiahao no se encuentra en el sistema.
El directorio /home/jiahao no existe.
---> Usuario jiahao creado correctamente.
jiahao no se encuentra en el sistema.
El directorio /home/jiahao no existe.
---> Usuario jiahao creado correctamente.
jiahao no se encuentra en el sistema.
El directorio /home/jiahao no existe.
---> Usuario jiahao creado correctamente.
jiahao no se encuentra en el sistema.
El directorio /home/jiahao no existe.
---> Usuario jiahao creado correctamente.
jiahao no se encuentra en el sistema.
El directorio /home/jiahao no existe.
---> Usuario jiahao creado correctamente.
jiahao no se encuentra en el sistema.
El directorio /home/jiahao no existe.
---> Usuario jiahao creado correctamente.
jiahao no se encuentra en el sistema.
El directorio /home/jiahao no existe.
---> Usuario jiahao creado correctamente.
jiahao no se encuentra en el sistema.
El directorio /home/jiahao no existe.
---> Usuario jiahao creado correctamente.
jiahao no se encuentra en el sistema.
El directorio /home/jiahao no existe.
---> Usuario jiahao creado correctamente.
jiahao no se encuentra en el sistema.
El directorio /home/jiahao no existe.
---> Usuario jiahao creado correctamente.
jiahao no se encuentra en el sistema.
El directorio /home/jiahao no existe.
---> Usuario jiahao creado correctamente.
jiahao no se encuentra en el sistema.
El directorio /home/jiahao no existe.
---> Usuario jiahao creado correctamente.
jiahao no se encuentra en el sistema.
El directorio /home/jiahao no existe.
---> Usuario jiahao creado correctamente.
jiahao no se encuentra en el sistema.
El directorio /home/jiahao no existe.
---> Usuario jiahao creado correctamente.
jiahao no se encuentra en el sistema.
El directorio /home/jiahao no existe.
---> Usuario jiahao creado correctamente.
jiahao no se encuentra en el sistema.
El directorio /home/jiahao no existe.
---> Usuario jiahao creado correctamente.
