jiahaolin no se encuentra en el sistema.
El directorio /home/jiahaolin no existe.
---> Usuario jiahaolin creado correctamente.
jiahaolin no se encuentra en el sistema.
El directorio /home/jiahaolin no existe.
---> Usuario jiahaolin creado correctamente.
jiahaolin no se encuentra en el sistema.
El directorio /home/jiahaolin no existe.
---> Usuario jiahaolin creado correctamente.
jiahaolin no se encuentra en el sistema.
El directorio /home/jiahaolin no existe.
---> Usuario jiahaolin creado correctamente.
jiahaolin no se encuentra en el sistema.
El directorio /home/jiahaolin no existe.
---> Usuario jiahaolin creado correctamente.
jiahaolin no se encuentra en el sistema.
El directorio /home/jiahaolin no existe.
---> Usuario jiahaolin creado correctamente.
jiahaolin no se encuentra en el sistema.
El directorio /home/jiahaolin no existe.
---> Usuario jiahaolin creado correctamente.
jiahaolin no se encuentra en el sistema.
El directorio /home/jiahaolin no existe.
---> Usuario jiahaolin creado correctamente.
jiahaolin no se encuentra en el sistema.
El directorio /home/jiahaolin no existe.
jiahaolin no se encuentra en el sistema.
El directorio /home/jiahaolin no existe.
---> Usuario jiahaolin creado correctamente.
jiahaolin no se encuentra en el sistema.
El directorio /home/jiahaolin no existe.
---> Usuario jiahaolin creado correctamente.
jiahaolin no se encuentra en el sistema.
El directorio /home/jiahaolin no existe.
---> Usuario jiahaolin creado correctamente.
jiahaolin no se encuentra en el sistema.
El directorio /home/jiahaolin no existe.
---> Usuario jiahaolin creado correctamente.
jiahaolin no se encuentra en el sistema.
El directorio /home/jiahaolin no existe.
---> Usuario jiahaolin creado correctamente.
jiahaolin no se encuentra en el sistema.
El directorio /home/jiahaolin no existe.
---> Usuario jiahaolin creado correctamente.
jiahaolin no se encuentra en el sistema.
El directorio /home/jiahaolin no existe.
---> Usuario jiahaolin creado correctamente.
jiahaolin no se encuentra en el sistema.
El directorio /home/jiahaolin no existe.
---> Usuario jiahaolin creado correctamente.
jiahaolin no se encuentra en el sistema.
El directorio /home/jiahaolin no existe.
---> Usuario jiahaolin creado correctamente.
jiahaolin no se encuentra en el sistema.
El directorio /home/jiahaolin no existe.
---> Usuario jiahaolin creado correctamente.
Configurando sudo para jiahaolin...
Sudo configurado
Configurando SSH...
Clave SSH añadida
SSH configurado y funcionando
jiahaolin no se encuentra en el sistema.
El directorio /home/jiahaolin no existe.
---> Usuario jiahaolin creado correctamente.
Configurando sudo para jiahaolin...
Sudo configurado
Configurando SSH...
Clave SSH añadida
SSH configurado y funcionando
jiahaolin no se encuentra en el sistema.
El directorio /home/jiahaolin no existe.
---> Usuario jiahaolin creado correctamente.
Configurando sudo para jiahaolin...
Sudo configurado
Configurando SSH...
Clave SSH añadida
SSH configurado y funcionando
jiahaolin no se encuentra en el sistema.
El directorio /home/jiahaolin no existe.
---> Usuario jiahaolin creado correctamente.
Configurando sudo para jiahaolin...
Sudo configurado
Configurando SSH...
Clave SSH añadida
SSH configurado y funcionando
jiahaolin no se encuentra en el sistema.
El directorio /home/jiahaolin no existe.
---> Usuario jiahaolin creado correctamente.
Configurando sudo para jiahaolin...
Sudo configurado
Configurando SSH...
Clave SSH añadida
SSH configurado y funcionando
jiahaolin no se encuentra en el sistema.
El directorio /home/jiahaolin no existe.
---> Usuario jiahaolin creado correctamente.
Configurando sudo para jiahaolin...
Sudo configurado
Configurando SSH...
Clave SSH añadida
SSH configurado y funcionando
jiahaolin no se encuentra en el sistema.
El directorio /home/jiahaolin no existe.
---> Usuario jiahaolin creado correctamente.
Configurando sudo para jiahaolin...
Sudo configurado
Configurando SSH...
Clave SSH añadida
SSH configurado y funcionando
jiahaolin no se encuentra en el sistema.
El directorio /home/jiahaolin no existe.
---> Usuario jiahaolin creado correctamente.
Configurando sudo para jiahaolin...
Sudo configurado
Configurando SSH...
Clave SSH añadida
SSH configurado y funcionando
jiahaolin no se encuentra en el sistema.
El directorio /home/jiahaolin no existe.
---> Usuario jiahaolin creado correctamente.
Configurando sudo para jiahaolin...
Sudo configurado
Configurando SSH...
Clave SSH añadida
SSH configurado y funcionando
jiahaolin no se encuentra en el sistema.
El directorio /home/jiahaolin no existe.
---> Usuario jiahaolin creado correctamente.
Configurando sudo para jiahaolin...
Sudo configurado
Configurando SSH...
Clave SSH añadida
SSH configurado y funcionando
