Ejecutando entrypoint base...
Entrypoint base ejecutado
Ajustando configuración Nginx...
Configuración Nginx actualizada
Configurando Nginx...
Nginx reiniciado
Nginx detenido
Ejecutando entrypoint base...
Entrypoint base ejecutado
Ajustando configuración Nginx...
Configuración Nginx actualizada
Configurando Nginx...
Nginx reiniciado
Nginx detenido
Ejecutando entrypoint base...
Entrypoint base ejecutado
Ajustando configuración Nginx...
Configuración Nginx actualizada
Configurando Nginx...
Nginx reiniciado
Ejecutando entrypoint base...
Entrypoint base ejecutado
Ajustando configuración Nginx...
Configuración Nginx actualizada
Configurando Nginx...
Nginx reiniciado
Ejecutando entrypoint base...
Entrypoint base ejecutado
Ajustando configuración Nginx...
Configuración Nginx actualizada
Configurando Nginx...
Nginx reiniciado
Ejecutando entrypoint base...
Entrypoint base ejecutado
Ajustando configuración Nginx...
Configuración Nginx actualizada
Configurando Nginx...
Nginx reiniciado
Ejecutando entrypoint base...
Entrypoint base ejecutado
Configurando Nginx...
Nginx reiniciado
Ejecutando entrypoint base...
Entrypoint base ejecutado
Configurando Nginx...
Nginx reiniciado
Nginx detenido
Ejecutando entrypoint seguridad...
Entrypoint seguridad ejecutado
Configurando Nginx...
Nginx reiniciado
Nginx detenido
Ejecutando entrypoint seguridad...
Entrypoint seguridad ejecutado
Configurando Nginx...
Nginx reiniciado
Nginx detenido
