Ejecutando entrypoint base...
Entrypoint base ejecutado correctamente
--- Iniciando Auditoría de Red ---
Detectando interfaz de red...
Red detectada: 182.120.3.4/24
Ejecutando escaneo Nmap...
Starting Nmap 7.94SVN ( https://nmap.org ) at 2025-12-16 17:14 UTC
Nmap scan report for hn.kd.ny.adsl (182.120.3.1)
Host is up (0.000038s latency).
Not shown: 98 closed tcp ports (reset)
PORT    STATE SERVICE  VERSION
80/tcp  open  http     nginx 1.24.0 (Ubuntu)
443/tcp open  ssl/http nginx 1.24.0 (Ubuntu)
MAC Address: 86:44:C4:50:14:3F (Unknown)
Service Info: OS: Linux; CPE: cpe:/o:linux:linux_kernel

Service detection performed. Please report any incorrect results at https://nmap.org/submit/ .
Nmap done: 256 IP addresses (2 hosts up) scanned in 15.04 seconds
Nmap finalizado con ÉXITO. XML generado.
Generando reporte visual...
Reporte HTML generado con ÉXITO en /root/resultados/mapa_red.html
Ejecutando entrypoint base...
Entrypoint base ejecutado correctamente
--- Iniciando Auditoría de Red ---
Detectando interfaz de red...
Red detectada: 182.120.3.4/24
Ejecutando escaneo Nmap...
Starting Nmap 7.94SVN ( https://nmap.org ) at 2025-12-16 17:19 UTC
Nmap scan report for hn.kd.ny.adsl (182.120.3.1)
Host is up (0.000033s latency).
Not shown: 98 closed tcp ports (reset)
PORT    STATE SERVICE  VERSION
80/tcp  open  http     nginx 1.24.0 (Ubuntu)
443/tcp open  ssl/http nginx 1.24.0 (Ubuntu)
MAC Address: 3A:13:CC:E9:12:A4 (Unknown)
Service Info: OS: Linux; CPE: cpe:/o:linux:linux_kernel

Service detection performed. Please report any incorrect results at https://nmap.org/submit/ .
Nmap done: 256 IP addresses (2 hosts up) scanned in 14.66 seconds
Nmap finalizado con ÉXITO. XML generado.
Generando reporte visual...
Reporte HTML generado con ÉXITO en /root/resultados/mapa_red.html
