Ejecutando entrypoint base...
Entrypoint base ejecutado correctamente
--- Iniciando Auditoría de Red ---
Detectando interfaz de red...
Red detectada: 182.120.2.4/24
Ejecutando escaneo Nmap...
ERROR: No se pudo completar el escaneo de Nmap
Ejecutando entrypoint base...
Entrypoint base ejecutado correctamente
--- Iniciando Auditoría de Red ---
Detectando interfaz de red...
Red detectada: 182.120.2.4/24
Ejecutando escaneo Nmap...
Starting Nmap 7.94SVN ( https://nmap.org ) at 2025-12-16 17:03 UTC
You cannot use -F (fast scan) or -p (explicit port selection) when not doing a port scan
QUITTING!
ERROR: No se pudo completar el escaneo de Nmap
Ejecutando entrypoint base...
Entrypoint base ejecutado correctamente
--- Iniciando Auditoría de Red ---
Detectando interfaz de red...
Red detectada: 182.120.2.4/24
Ejecutando escaneo Nmap...
Starting Nmap 7.94SVN ( https://nmap.org ) at 2025-12-16 17:05 UTC
Nmap scan report for hn.kd.ny.adsl (182.120.2.1)
Host is up (0.000079s latency).
Not shown: 97 closed tcp ports (reset)
PORT    STATE SERVICE    VERSION
22/tcp  open  tcpwrapped
80/tcp  open  http       nginx 1.24.0 (Ubuntu)
443/tcp open  ssl/http   nginx 1.24.0 (Ubuntu)
MAC Address: BA:83:E9:22:8F:E3 (Unknown)
Service Info: OS: Linux; CPE: cpe:/o:linux:linux_kernel

Service detection performed. Please report any incorrect results at https://nmap.org/submit/ .
Nmap done: 256 IP addresses (2 hosts up) scanned in 15.27 seconds
Nmap finalizado con ÉXITO. XML generado.
Generando reporte visual...
Reporte HTML generado con ÉXITO en /root/resultados/mapa_red.html
Ejecutando entrypoint base...
Entrypoint base ejecutado correctamente
--- Iniciando Auditoría de Red ---
Detectando interfaz de red...
Red detectada: 182.120.2.4/24
Ejecutando escaneo Nmap...
Starting Nmap 7.94SVN ( https://nmap.org ) at 2025-12-16 17:09 UTC
Nmap scan report for hn.kd.ny.adsl (182.120.2.1)
Host is up (0.000020s latency).
Not shown: 97 closed tcp ports (reset)
PORT    STATE SERVICE    VERSION
22/tcp  open  tcpwrapped
80/tcp  open  http       nginx 1.24.0 (Ubuntu)
443/tcp open  ssl/http   nginx 1.24.0 (Ubuntu)
MAC Address: E6:07:6E:30:A1:43 (Unknown)
Service Info: OS: Linux; CPE: cpe:/o:linux:linux_kernel

Service detection performed. Please report any incorrect results at https://nmap.org/submit/ .
Nmap done: 256 IP addresses (2 hosts up) scanned in 14.61 seconds
Nmap finalizado con ÉXITO. XML generado.
Generando reporte visual...
Reporte HTML generado con ÉXITO en /root/resultados/mapa_red.html
