Ejecutando entrypoint base...
Entrypoint base ejecutado correctamente
--- Iniciando Auditoría de Red ---
Detectando interfaz de red...
Red detectada: 182.120.4.4/24
Ejecutando escaneo Nmap...
Starting Nmap 7.94SVN ( https://nmap.org ) at 2025-12-16 17:21 UTC
Nmap scan report for hn.kd.ny.adsl (182.120.4.1)
Host is up (0.000069s latency).
Not shown: 97 closed tcp ports (reset)
PORT     STATE SERVICE    VERSION
80/tcp   open  http       nginx 1.24.0 (Ubuntu)
443/tcp  open  ssl/http   nginx 1.24.0 (Ubuntu)
3000/tcp open  tcpwrapped
MAC Address: 1E:69:0A:74:D0:15 (Unknown)
Service Info: OS: Linux; CPE: cpe:/o:linux:linux_kernel

Service detection performed. Please report any incorrect results at https://nmap.org/submit/ .
Nmap done: 256 IP addresses (2 hosts up) scanned in 15.04 seconds
Nmap finalizado con ÉXITO. XML generado.
Generando reporte visual...
Reporte HTML generado con ÉXITO en /root/resultados/mapa_red.html
Ejecutando entrypoint base...
Entrypoint base ejecutado correctamente
--- Iniciando Auditoría de Red ---
Detectando interfaz de red...
Red detectada: 182.120.4.4/24
Ejecutando escaneo Nmap...
Starting Nmap 7.94SVN ( https://nmap.org ) at 2025-12-16 19:28 UTC
Nmap scan report for hn.kd.ny.adsl (182.120.4.1)
Host is up (0.000034s latency).
Not shown: 97 closed tcp ports (reset)
PORT     STATE SERVICE    VERSION
80/tcp   open  http       nginx 1.24.0 (Ubuntu)
443/tcp  open  ssl/http   nginx 1.24.0 (Ubuntu)
3000/tcp open  tcpwrapped
MAC Address: 32:C6:E1:DF:B3:2B (Unknown)
Service Info: OS: Linux; CPE: cpe:/o:linux:linux_kernel

Service detection performed. Please report any incorrect results at https://nmap.org/submit/ .
Nmap done: 256 IP addresses (2 hosts up) scanned in 15.16 seconds
Nmap finalizado con ÉXITO. XML generado.
Generando reporte visual...
Reporte HTML generado con ÉXITO en /root/resultados/mapa_red.html
Ejecutando entrypoint base...
Entrypoint base ejecutado correctamente
--- Iniciando Auditoría de Red ---
Detectando interfaz de red...
Red detectada: 182.120.4.4/24
Ejecutando escaneo Nmap...
Starting Nmap 7.94SVN ( https://nmap.org ) at 2025-12-16 19:31 UTC
Nmap scan report for hn.kd.ny.adsl (182.120.4.1)
Host is up (0.000052s latency).
Not shown: 97 closed tcp ports (reset)
PORT     STATE SERVICE    VERSION
80/tcp   open  http       nginx 1.24.0 (Ubuntu)
443/tcp  open  ssl/http   nginx 1.24.0 (Ubuntu)
3000/tcp open  tcpwrapped
MAC Address: 2A:45:38:69:53:5D (Unknown)
Service Info: OS: Linux; CPE: cpe:/o:linux:linux_kernel

Service detection performed. Please report any incorrect results at https://nmap.org/submit/ .
Nmap done: 256 IP addresses (2 hosts up) scanned in 14.47 seconds
Nmap finalizado con ÉXITO. XML generado.
Generando reporte visual...
Reporte HTML generado con ÉXITO en /root/resultados/mapa_red.html
