jiahao no se encuentra en el sistema.
El directorio /home/jiahao no existe.
---> Usuario jiahao creado correctamente.
jiahao no se encuentra en el sistema.
El directorio /home/jiahao no existe.
---> Usuario jiahao creado correctamente.
jiahao no se encuentra en el sistema.
El directorio /home/jiahao no existe.
---> Usuario jiahao creado correctamente.
jiahao no se encuentra en el sistema.
El directorio /home/jiahao no existe.
---> Usuario jiahao creado correctamente.
jiahao no se encuentra en el sistema.
El directorio /home/jiahao no existe.
---> Usuario jiahao creado correctamente.
jiahao no se encuentra en el sistema.
El directorio /home/jiahao no existe.
---> Usuario jiahao creado correctamente.
jiahao no se encuentra en el sistema.
El directorio /home/jiahao no existe.
---> Usuario jiahao creado correctamente.
jiahao no se encuentra en el sistema.
El directorio /home/jiahao no existe.
---> Usuario jiahao creado correctamente.
jiahao no se encuentra en el sistema.
El directorio /home/jiahao no existe.
---> Usuario jiahao creado correctamente.
Configurando sudo para jiahao...
Sudo configurado
Configurando SSH...
Clave SSH a単adida
SSH configurado y funcionando
jiahao no se encuentra en el sistema.
El directorio /home/jiahao no existe.
---> Usuario jiahao creado correctamente.
Configurando sudo para jiahao...
Sudo configurado
Configurando SSH...
Clave SSH a単adida
SSH configurado y funcionando
jiahao no se encuentra en el sistema.
El directorio /home/jiahao no existe.
---> Usuario jiahao creado correctamente.
Configurando sudo para jiahao...
Sudo configurado
Configurando SSH...
Clave SSH a単adida
SSH configurado y funcionando
jiahao no se encuentra en el sistema.
El directorio /home/jiahao no existe.
---> Usuario jiahao creado correctamente.
Configurando sudo para jiahao...
Sudo configurado
Configurando SSH...
Clave SSH a単adida
SSH configurado y funcionando
