Cargando entrypoint Nginx...
Entrypoint Nginx ejecutado
Cambiando directorio...
Directorio cambiado a: /root/admin/node/proyectos/pokeapi
Instalando dependencias...
Dependencias instaladas
Cargando entrypoint Nginx...
Entrypoint Nginx ejecutado
Cambiando directorio...
Directorio cambiado a: /root/admin/node/proyectos/pokeapi
Instalando dependencias...
Dependencias instaladas
Cargando entrypoint Nginx...
Entrypoint Nginx ejecutado
Cambiando directorio...
Directorio cambiado a: /root/admin/node/proyectos/pokeapi
Instalando dependencias...
Cargando entrypoint Nginx...
Entrypoint Nginx ejecutado
Cambiando directorio...
Directorio cambiado a: /root/admin/node/proyectos/pokeapi
Instalando dependencias...
Dependencias instaladas
