jiahao no se encuentra en el sistema.
El directorio /home/jiahao no existe.
---> Usuario jiahao creado correctamente.
jiahao se encuentra en el sistema.
jiahao se encuentra en el sistema.
jiahao no se encuentra en el sistema.
El directorio /home/jiahao no existe.
---> Usuario jiahao creado correctamente.
jiahao no se encuentra en el sistema.
El directorio /home/jiahao no existe.
---> Usuario jiahao creado correctamente.
jiahao se encuentra en el sistema.
jiahao se encuentra en el sistema.
jiahao no se encuentra en el sistema.
El directorio /home/jiahao no existe.
---> Usuario jiahao creado correctamente.
jiahao no se encuentra en el sistema.
El directorio /home/jiahao no existe.
---> Usuario jiahao creado correctamente.
jiahao no se encuentra en el sistema.
El directorio /home/jiahao no existe.
---> Usuario jiahao creado correctamente.
jiahao no se encuentra en el sistema.
El directorio /home/jiahao no existe.
---> Usuario jiahao creado correctamente.
jiahao no se encuentra en el sistema.
El directorio /home/jiahao no existe.
---> Usuario jiahao creado correctamente.
jiahao no se encuentra en el sistema.
El directorio /home/jiahao no existe.
---> Usuario jiahao creado correctamente.
jiahao no se encuentra en el sistema.
El directorio /home/jiahao no existe.
---> Usuario jiahao creado correctamente.
jiahao no se encuentra en el sistema.
El directorio /home/jiahao no existe.
jiahao no se encuentra en el sistema.
El directorio /home/jiahao no existe.
---> Usuario jiahao creado correctamente.
jiahao no se encuentra en el sistema.
El directorio /home/jiahao no existe.
---> Usuario jiahao creado correctamente.
jiahao no se encuentra en el sistema.
El directorio /home/jiahao no existe.
---> Usuario jiahao creado correctamente.
jiahao no se encuentra en el sistema.
El directorio /home/jiahao no existe.
---> Usuario jiahao creado correctamente.
jiahao no se encuentra en el sistema.
El directorio /home/jiahao no existe.
---> Usuario jiahao creado correctamente.
jiahao no se encuentra en el sistema.
El directorio /home/jiahao no existe.
---> Usuario jiahao creado correctamente.
jiahao no se encuentra en el sistema.
El directorio /home/jiahao no existe.
---> Usuario jiahao creado correctamente.
Configurando sudo para jiahao...
Sudo configurado
Configurando SSH...
Clave SSH añadida
SSH configurado y funcionando
jiahao no se encuentra en el sistema.
El directorio /home/jiahao no existe.
---> Usuario jiahao creado correctamente.
Configurando sudo para jiahao...
Sudo configurado
Configurando SSH...
Clave SSH añadida
SSH configurado y funcionando
jiahao no se encuentra en el sistema.
El directorio /home/jiahao no existe.
---> Usuario jiahao creado correctamente.
Configurando sudo para jiahao...
Sudo configurado
Configurando SSH...
Clave SSH añadida
SSH configurado y funcionando
jiahao no se encuentra en el sistema.
El directorio /home/jiahao no existe.
---> Usuario jiahao creado correctamente.
Configurando sudo para jiahao...
Sudo configurado
Configurando SSH...
Clave SSH añadida
SSH configurado y funcionando
jiahao no se encuentra en el sistema.
El directorio /home/jiahao no existe.
---> Usuario jiahao creado correctamente.
Configurando sudo para jiahao...
Sudo configurado
Configurando SSH...
Clave SSH añadida
SSH configurado y funcionando
